[    0.000000] Linux version 4.15.0-143-generic (buildd@lcy01-amd64-001) (gcc version 7.5.0 (Ubuntu 7.5.0-3ubuntu1~18.04)) #147-Ubuntu SMP Wed Apr 14 16:10:11 UTC 2021 (Ubuntu 4.15.0-143.147-generic 4.15.18)
[    0.000000] Command line: BOOT_IMAGE=/boot/vmlinuz-4.15.0-143-generic root=LABEL=cloudimg-rootfs ro console=tty1 console=ttyS0
[    0.000000] KERNEL supported cpus:
[    0.000000]   Intel GenuineIntel
[    0.000000]   AMD AuthenticAMD
[    0.000000]   Centaur CentaurHauls
[    0.000000] x86/fpu: Supporting XSAVE feature 0x001: 'x87 floating point registers'
[    0.000000] x86/fpu: Supporting XSAVE feature 0x002: 'SSE registers'
[    0.000000] x86/fpu: Supporting XSAVE feature 0x004: 'AVX registers'
[    0.000000] x86/fpu: xstate_offset[2]:  576, xstate_sizes[2]:  256
[    0.000000] x86/fpu: Enabled xstate features 0x7, context size is 832 bytes, using 'standard' format.
[    0.000000] e820: BIOS-provided physical RAM map:
[    0.000000] BIOS-e820: [mem 0x0000000000000000-0x000000000009fbff] usable
[    0.000000] BIOS-e820: [mem 0x000000000009fc00-0x000000000009ffff] reserved
[    0.000000] BIOS-e820: [mem 0x00000000000f0000-0x00000000000fffff] reserved
[    0.000000] BIOS-e820: [mem 0x0000000000100000-0x000000003ffeffff] usable
[    0.000000] BIOS-e820: [mem 0x000000003fff0000-0x000000003fffffff] ACPI data
[    0.000000] BIOS-e820: [mem 0x00000000fec00000-0x00000000fec00fff] reserved
[    0.000000] BIOS-e820: [mem 0x00000000fee00000-0x00000000fee00fff] reserved
[    0.000000] BIOS-e820: [mem 0x00000000fffc0000-0x00000000ffffffff] reserved
[    0.000000] NX (Execute Disable) protection: active
[    0.000000] SMBIOS 2.5 present.
[    0.000000] DMI: innotek GmbH VirtualBox/VirtualBox, BIOS VirtualBox 12/01/2006
[    0.000000] Hypervisor detected: KVM
[    0.000000] e820: last_pfn = 0x3fff0 max_arch_pfn = 0x400000000
[    0.000000] MTRR: Disabled
[    0.000000] x86/PAT: MTRRs disabled, skipping PAT initialization too.
[    0.000000] CPU MTRRs all blank - virtualized system.
[    0.000000] x86/PAT: Configuration [0-7]: WB  WT  UC- UC  WB  WT  UC- UC  
[    0.000000] found SMP MP-table at [mem 0x0009fff0-0x0009ffff]
[    0.000000] Scanning 1 areas for low memory corruption
[    0.000000] RAMDISK: [mem 0x359d3000-0x36ce0fff]
[    0.000000] ACPI: Early table checksum verification disabled
[    0.000000] ACPI: RSDP 0x00000000000E0000 000024 (v02 VBOX  )
[    0.000000] ACPI: XSDT 0x000000003FFF0030 00003C (v01 VBOX   VBOXXSDT 00000001 ASL  00000061)
[    0.000000] ACPI: FACP 0x000000003FFF00F0 0000F4 (v04 VBOX   VBOXFACP 00000001 ASL  00000061)
[    0.000000] ACPI: DSDT 0x000000003FFF0470 002325 (v02 VBOX   VBOXBIOS 00000002 INTL 20100528)
[    0.000000] ACPI: FACS 0x000000003FFF0200 000040
[    0.000000] ACPI: FACS 0x000000003FFF0200 000040
[    0.000000] ACPI: APIC 0x000000003FFF0240 00005C (v02 VBOX   VBOXAPIC 00000001 ASL  00000061)
[    0.000000] ACPI: SSDT 0x000000003FFF02A0 0001CC (v01 VBOX   VBOXCPUT 00000002 INTL 20100528)
[    0.000000] No NUMA configuration found
[    0.000000] Faking a node at [mem 0x0000000000000000-0x000000003ffeffff]
[    0.000000] NODE_DATA(0) allocated [mem 0x3ffc5000-0x3ffeffff]
[    0.000000] kvm-clock: cpu 0, msr 0:3ff44001, primary cpu clock
[    0.000000] kvm-clock: Using msrs 4b564d01 and 4b564d00
[    0.000000] kvm-clock: using sched offset of 4612741344 cycles
[    0.000000] clocksource: kvm-clock: mask: 0xffffffffffffffff max_cycles: 0x1cd42e4dffb, max_idle_ns: 881590591483 ns
[    0.000000] Zone ranges:
[    0.000000]   DMA      [mem 0x0000000000001000-0x0000000000ffffff]
[    0.000000]   DMA32    [mem 0x0000000001000000-0x000000003ffeffff]
[    0.000000]   Normal   empty
[    0.000000]   Device   empty
[    0.000000] Movable zone start for each node
[    0.000000] Early memory node ranges
[    0.000000]   node   0: [mem 0x0000000000001000-0x000000000009efff]
[    0.000000]   node   0: [mem 0x0000000000100000-0x000000003ffeffff]
[    0.000000] Reserved but unavailable: 98 pages
[    0.000000] Initmem setup node 0 [mem 0x0000000000001000-0x000000003ffeffff]
[    0.000000] ACPI: PM-Timer IO Port: 0x4008
[    0.000000] IOAPIC[0]: apic_id 2, version 32, address 0xfec00000, GSI 0-23
[    0.000000] ACPI: INT_SRC_OVR (bus 0 bus_irq 0 global_irq 2 dfl dfl)
[    0.000000] ACPI: INT_SRC_OVR (bus 0 bus_irq 9 global_irq 9 low level)
[    0.000000] Using ACPI (MADT) for SMP configuration information
[    0.000000] smpboot: Allowing 2 CPUs, 0 hotplug CPUs
[    0.000000] PM: Registered nosave memory: [mem 0x00000000-0x00000fff]
[    0.000000] PM: Registered nosave memory: [mem 0x0009f000-0x0009ffff]
[    0.000000] PM: Registered nosave memory: [mem 0x000a0000-0x000effff]
[    0.000000] PM: Registered nosave memory: [mem 0x000f0000-0x000fffff]
[    0.000000] e820: [mem 0x40000000-0xfebfffff] available for PCI devices
[    0.000000] Booting paravirtualized kernel on KVM
[    0.000000] clocksource: refined-jiffies: mask: 0xffffffff max_cycles: 0xffffffff, max_idle_ns: 7645519600211568 ns
[    0.000000] random: get_random_bytes called from start_kernel+0x99/0x500 with crng_init=0
[    0.000000] setup_percpu: NR_CPUS:8192 nr_cpumask_bits:2 nr_cpu_ids:2 nr_node_ids:1
[    0.000000] percpu: Embedded 45 pages/cpu s147456 r8192 d28672 u1048576
[    0.000000] PV qspinlock hash table entries: 256 (order: 0, 4096 bytes)
[    0.000000] Built 1 zonelists, mobility grouping on.  Total pages: 257913
[    0.000000] Policy zone: DMA32
[    0.000000] Kernel command line: BOOT_IMAGE=/boot/vmlinuz-4.15.0-143-generic root=LABEL=cloudimg-rootfs ro console=tty1 console=ttyS0
[    0.000000] Memory: 982728K/1048120K available (12300K kernel code, 2483K rwdata, 4316K rodata, 2444K init, 2724K bss, 65392K reserved, 0K cma-reserved)
[    0.000000] SLUB: HWalign=64, Order=0-3, MinObjects=0, CPUs=2, Nodes=1
[    0.000000] Kernel/User page tables isolation: enabled
[    0.000000] ftrace: allocating 39437 entries in 155 pages
[    0.004000] Hierarchical RCU implementation.
[    0.004000] 	RCU restricting CPUs from NR_CPUS=8192 to nr_cpu_ids=2.
[    0.004000] 	Tasks RCU enabled.
[    0.004000] RCU: Adjusting geometry for rcu_fanout_leaf=16, nr_cpu_ids=2
[    0.004000] NR_IRQS: 524544, nr_irqs: 440, preallocated irqs: 16
[    0.004000] Console: colour VGA+ 80x25
[    0.004000] console [tty1] enabled
[    0.004000] console [ttyS0] enabled
[    0.004000] ACPI: Core revision 20170831
[    0.004000] ACPI: 2 ACPI AML tables successfully acquired and loaded
[    0.004000] APIC: Switch to symmetric I/O mode setup
[    0.004000] x2apic enabled
[    0.004000] Switched APIC routing to physical x2apic.
[    0.004000] ..TIMER: vector=0x30 apic1=0 pin1=2 apic2=-1 pin2=-1
[    0.004003] tsc: Detected 2711.996 MHz processor
[    0.005106] Calibrating delay loop (skipped) preset value.. 5423.99 BogoMIPS (lpj=10847984)
[    0.008004] pid_max: default: 32768 minimum: 301
[    0.009103] Security Framework initialized
[    0.010130] Yama: becoming mindful.
[    0.012034] AppArmor: AppArmor initialized
[    0.020015] Dentry cache hash table entries: 131072 (order: 8, 1048576 bytes)
[    0.024064] Inode-cache hash table entries: 65536 (order: 7, 524288 bytes)
[    0.025644] Mount-cache hash table entries: 2048 (order: 2, 16384 bytes)
[    0.028005] Mountpoint-cache hash table entries: 2048 (order: 2, 16384 bytes)
[    0.029831] Last level iTLB entries: 4KB 128, 2MB 8, 4MB 8
[    0.032002] Last level dTLB entries: 4KB 64, 2MB 0, 4MB 0, 1GB 4
[    0.033403] Spectre V1 : Mitigation: usercopy/swapgs barriers and __user pointer sanitization
[    0.035349] Spectre V2 : Mitigation: Full generic retpoline
[    0.036003] Spectre V2 : Spectre v2 / SpectreRSB mitigation: Filling RSB on context switch
[    0.037845] Speculative Store Bypass: Vulnerable
[    0.038995] SRBDS: Unknown: Dependent on hypervisor status
[    0.040002] MDS: Mitigation: Clear CPU buffers
[    0.041309] Freeing SMP alternatives memory: 36K
[    0.154440] smpboot: CPU0: Intel(R) Core(TM) i5-6400 CPU @ 2.70GHz (family: 0x6, model: 0x5e, stepping: 0x3)
[    0.156000] Performance Events: unsupported p6 CPU model 94 no PMU driver, software events only.
[    0.156000] Hierarchical SRCU implementation.
[    0.156625] NMI watchdog: Perf event create on CPU 0 failed with -2
[    0.157955] NMI watchdog: Perf NMI watchdog permanently disabled
[    0.160064] smp: Bringing up secondary CPUs ...
[    0.161488] x86: Booting SMP configuration:
[    0.163082] .... node  #0, CPUs:      #1
[    0.004000] kvm-clock: cpu 1, msr 0:3ff44041, secondary cpu clock
[    0.168020] smp: Brought up 1 node, 2 CPUs
[    0.169033] smpboot: Max logical packages: 1
[    0.170067] smpboot: Total of 2 processors activated (10847.98 BogoMIPS)
[    0.172059] devtmpfs: initialized
[    0.172913] x86/mm: Memory block size: 128MB
[    0.174160] evm: security.selinux
[    0.174949] evm: security.SMACK64
[    0.175744] evm: security.SMACK64EXEC
[    0.176004] evm: security.SMACK64TRANSMUTE
[    0.177920] evm: security.SMACK64MMAP
[    0.178811] evm: security.apparmor
[    0.180002] evm: security.ima
[    0.180899] evm: security.capability
[    0.182045] clocksource: jiffies: mask: 0xffffffff max_cycles: 0xffffffff, max_idle_ns: 7645041785100000 ns
[    0.184011] futex hash table entries: 512 (order: 3, 32768 bytes)
[    0.188021] pinctrl core: initialized pinctrl subsystem
[    0.192149] RTC time: 23:24:41, date: 06/03/21
[    0.193425] NET: Registered protocol family 16
[    0.194570] audit: initializing netlink subsys (disabled)
[    0.196007] audit: type=2000 audit(1622762686.908:1): state=initialized audit_enabled=0 res=1
[    0.196146] cpuidle: using governor ladder
[    0.196999] cpuidle: using governor menu
[    0.198015] ACPI: bus type PCI registered
[    0.200003] acpiphp: ACPI Hot Plug PCI Controller Driver version: 0.5
[    0.201558] PCI: Using configuration type 1 for base access
[    0.205045] HugeTLB registered 2.00 MiB page size, pre-allocated 0 pages
[    0.205958] ACPI: Added _OSI(Module Device)
[    0.208004] ACPI: Added _OSI(Processor Device)
[    0.209193] ACPI: Added _OSI(3.0 _SCP Extensions)
[    0.210455] ACPI: Added _OSI(Processor Aggregator Device)
[    0.211809] ACPI: Added _OSI(Linux-Dell-Video)
[    0.212005] ACPI: Added _OSI(Linux-Lenovo-NV-HDMI-Audio)
[    0.213302] ACPI: Added _OSI(Linux-HPI-Hybrid-Graphics)
[    0.216389] ACPI: Executed 1 blocks of module-level executable AML code
[    0.222716] ACPI: Interpreter enabled
[    0.223826] ACPI: (supports S0 S5)
[    0.224004] ACPI: Using IOAPIC for interrupt routing
[    0.225473] PCI: Using host bridge windows from ACPI; if necessary, use "pci=nocrs" and report a bug
[    0.227749] ACPI: Enabled 2 GPEs in block 00 to 07
[    0.236970] ACPI: PCI Root Bridge [PCI0] (domain 0000 [bus 00-ff])
[    0.238323] acpi PNP0A03:00: _OSC: OS supports [ASPM ClockPM Segments MSI]
[    0.240707] acpi PNP0A03:00: _OSC: not requesting OS control; OS requires [ExtendedConfig ASPM ClockPM MSI]
[    0.244018] acpi PNP0A03:00: fail to add MMCONFIG information, can't access extended PCI configuration space under this bridge.
[    0.248514] PCI host bridge to bus 0000:00
[    0.249585] pci_bus 0000:00: root bus resource [io  0x0000-0x0cf7 window]
[    0.251281] pci_bus 0000:00: root bus resource [io  0x0d00-0xffff window]
[    0.252005] pci_bus 0000:00: root bus resource [mem 0x000a0000-0x000bffff window]
[    0.253675] pci_bus 0000:00: root bus resource [mem 0x40000000-0xfdffffff window]
[    0.256005] pci_bus 0000:00: root bus resource [bus 00-ff]
[    0.261566] pci 0000:00:01.1: legacy IDE quirk: reg 0x10: [io  0x01f0-0x01f7]
[    0.263145] pci 0000:00:01.1: legacy IDE quirk: reg 0x14: [io  0x03f6]
[    0.264003] pci 0000:00:01.1: legacy IDE quirk: reg 0x18: [io  0x0170-0x0177]
[    0.268004] pci 0000:00:01.1: legacy IDE quirk: reg 0x1c: [io  0x0376]
[    0.283786] pci 0000:00:07.0: quirk: [io  0x4000-0x403f] claimed by PIIX4 ACPI
[    0.284017] pci 0000:00:07.0: quirk: [io  0x4100-0x410f] claimed by PIIX4 SMB
[    0.297425] ACPI: PCI Interrupt Link [LNKA] (IRQs 5 9 10 *11)
[    0.299185] ACPI: PCI Interrupt Link [LNKB] (IRQs 5 9 *10 11)
[    0.300141] ACPI: PCI Interrupt Link [LNKC] (IRQs 5 *9 10 11)
[    0.301603] ACPI: PCI Interrupt Link [LNKD] (IRQs 5 9 10 *11)
[    0.304335] SCSI subsystem initialized
[    0.305260] pci 0000:00:02.0: vgaarb: setting as boot VGA device
[    0.305597] pci 0000:00:02.0: vgaarb: VGA device added: decodes=io+mem,owns=io+mem,locks=none
[    0.308013] pci 0000:00:02.0: vgaarb: bridge control possible
[    0.309350] vgaarb: loaded
[    0.310112] ACPI: bus type USB registered
[    0.311105] usbcore: registered new interface driver usbfs
[    0.312022] usbcore: registered new interface driver hub
[    0.313304] usbcore: registered new device driver usb
[    0.314524] EDAC MC: Ver: 3.0.0
[    0.316339] PCI: Using ACPI for IRQ routing
[    0.317352] NetLabel: Initializing
[    0.318176] NetLabel:  domain hash size = 128
[    0.320003] NetLabel:  protocols = UNLABELED CIPSOv4 CALIPSO
[    0.321322] NetLabel:  unlabeled traffic allowed by default
[    0.322740] clocksource: Switched to clocksource kvm-clock
[    0.375300] VFS: Disk quotas dquot_6.6.0
[    0.376313] VFS: Dquot-cache hash table entries: 512 (order 0, 4096 bytes)
[    0.377947] AppArmor: AppArmor Filesystem Enabled
[    0.379048] pnp: PnP ACPI init
[    0.381070] pnp: PnP ACPI: found 3 devices
[    0.390561] clocksource: acpi_pm: mask: 0xffffff max_cycles: 0xffffff, max_idle_ns: 2085701024 ns
[    0.392674] NET: Registered protocol family 2
[    0.393890] TCP established hash table entries: 8192 (order: 4, 65536 bytes)
[    0.395464] TCP bind hash table entries: 8192 (order: 5, 131072 bytes)
[    0.401914] TCP: Hash tables configured (established 8192 bind 8192)
[    0.413485] UDP hash table entries: 512 (order: 2, 16384 bytes)
[    0.414870] UDP-Lite hash table entries: 512 (order: 2, 16384 bytes)
[    0.416386] NET: Registered protocol family 1
[    0.417498] pci 0000:00:00.0: Limiting direct PCI/PCI transfers
[    0.418897] pci 0000:00:01.0: Activating ISA DMA hang workarounds
[    0.420623] pci 0000:00:02.0: Video device with shadowed ROM at [mem 0x000c0000-0x000dffff]
[    0.422683] Unpacking initramfs...
[    1.074498] Freeing initrd memory: 19512K
[    1.075663] clocksource: tsc: mask: 0xffffffffffffffff max_cycles: 0x271782d3887, max_idle_ns: 440795314643 ns
[    1.078311] platform rtc_cmos: registered platform RTC device (no PNP device found)
[    1.080228] Scanning for low memory corruption every 60 seconds
[    1.082339] Initialise system trusted keyrings
[    1.083462] Key type blacklist registered
[    1.084653] workingset: timestamp_bits=36 max_order=18 bucket_order=0
[    1.087701] zbud: loaded
[    1.089130] squashfs: version 4.0 (2009/01/31) Phillip Lougher
[    1.090818] fuse init (API version 7.26)
[    1.094682] Key type asymmetric registered
[    1.095690] Asymmetric key parser 'x509' registered
[    1.096910] Block layer SCSI generic (bsg) driver version 0.4 loaded (major 246)
[    1.098664] io scheduler noop registered
[    1.099564] io scheduler deadline registered
[    1.100795] io scheduler cfq registered (default)
[    1.102245] ACPI: AC Adapter [AC] (on-line)
[    1.103734] input: Power Button as /devices/LNXSYSTM:00/LNXPWRBN:00/input/input0
[    1.105749] ACPI: Power Button [PWRF]
[    1.106780] input: Sleep Button as /devices/LNXSYSTM:00/LNXSLPBN:00/input/input1
[    1.108737] ACPI: Sleep Button [SLPF]
[    1.110083] Serial: 8250/16550 driver, 32 ports, IRQ sharing enabled
[    1.132618] 00:02: ttyS0 at I/O 0x3f8 (irq = 4, base_baud = 115200) is a 16550A
[    1.137875] Linux agpgart interface v0.103
[    1.140766] loop: module loaded
[    1.142146] scsi host0: ata_piix
[    1.143065] scsi host1: ata_piix
[    1.143958] ata1: PATA max UDMA/33 cmd 0x1f0 ctl 0x3f6 bmdma 0xd000 irq 14
[    1.145657] ata2: PATA max UDMA/33 cmd 0x170 ctl 0x376 bmdma 0xd008 irq 15
[    1.147510] libphy: Fixed MDIO Bus: probed
[    1.148580] tun: Universal TUN/TAP device driver, 1.6
[    1.149854] PPP generic driver version 2.4.2
[    1.150922] ehci_hcd: USB 2.0 'Enhanced' Host Controller (EHCI) Driver
[    1.152561] ehci-pci: EHCI PCI platform driver
[    1.154669] ehci-platform: EHCI generic platform driver
[    1.155932] ohci_hcd: USB 1.1 'Open' Host Controller (OHCI) Driver
[    1.157365] ohci-pci: OHCI PCI platform driver
[    1.158499] ohci-platform: OHCI generic platform driver
[    1.159839] uhci_hcd: USB Universal Host Controller Interface driver
[    1.161423] i8042: PNP: PS/2 Controller [PNP0303:PS2K,PNP0f03:PS2M] at 0x60,0x64 irq 1,12
[    1.163855] serio: i8042 KBD port at 0x60,0x64 irq 1
[    1.165201] serio: i8042 AUX port at 0x60,0x64 irq 12
[    1.166585] mousedev: PS/2 mouse device common for all mice
[    1.168571] input: AT Translated Set 2 keyboard as /devices/platform/i8042/serio0/input/input2
[    1.172859] rtc_cmos rtc_cmos: rtc core: registered rtc_cmos as rtc0
[    1.184101] rtc_cmos rtc_cmos: alarms up to one day, 114 bytes nvram
[    1.185510] i2c /dev entries driver
[    1.187107] device-mapper: uevent: version 1.0.3
[    1.188295] device-mapper: ioctl: 4.37.0-ioctl (2017-09-20) initialised: dm-devel@redhat.com
[    1.190284] ledtrig-cpu: registered to indicate activity on CPUs
[    1.191933] NET: Registered protocol family 10
[    1.196423] Segment Routing with IPv6
[    1.197367] NET: Registered protocol family 17
[    1.198478] Key type dns_resolver registered
[    1.199729] mce: Using 0 MCE banks
[    1.200650] RAS: Correctable Errors collector initialized.
[    1.201912] sched_clock: Marking stable (1200615604, 0)->(1449015996, -248400392)
[    1.204275] registered taskstats version 1
[    1.205322] Loading compiled-in X.509 certificates
[    1.210681] Loaded X.509 cert 'Build time autogenerated kernel key: de118354fe72448b469776565e76ac30c08e8db2'
[    1.213480] Loaded X.509 cert 'Canonical Ltd. Live Patch Signing: 14df34d1a87cf37625abec039ef2bf521249b969'
[    1.216221] Loaded X.509 cert 'Canonical Ltd. Kernel Module Signing: 88f752e560a1e0737e31163a466ad7b70a850c19'
[    1.218464] zswap: loaded using pool lzo/zbud
[    1.223321] Key type big_key registered
[    1.224322] Key type trusted registered
[    1.227041] Key type encrypted registered
[    1.227977] AppArmor: AppArmor sha1 policy hashing enabled
[    1.229346] ima: No TPM chip found, activating TPM-bypass! (rc=-19)
[    1.230747] ima: Allocated hash algorithm: sha1
[    1.231877] evm: HMAC attrs: 0x1
[    1.233006]   Magic number: 9:41:453
[    1.233973] rtc_cmos rtc_cmos: setting system clock to 2021-06-03 23:24:42 UTC (1622762682)
[    1.236129] BIOS EDD facility v0.16 2004-Jun-25, 0 devices found
[    1.237515] EDD information not available.
[    1.357483] Freeing unused kernel image memory: 2444K
[    2.132436] Write protecting the kernel read-only data: 20480k
[    2.134808] Freeing unused kernel image memory: 2008K
[    2.136685] Freeing unused kernel image memory: 1828K
[    2.146293] x86/mm: Checked W+X mappings: passed, no W+X pages found.
[    2.147783] x86/mm: Checking user space page tables
[    2.157754] x86/mm: Checked W+X mappings: passed, no W+X pages found.
Loading, please wait...
starting version 237
[    2.255853] e1000: Intel(R) PRO/1000 Network Driver - version 7.3.21-k8-NAPI
[    2.259570] e1000: Copyright (c) 1999-2006 Intel Corporation.
[    2.261002] Fusion MPT base driver 3.04.20
[    2.263035] Copyright (c) 1999-2008 LSI Corporation
[    2.282221] AVX2 version of gcm_enc/dec engaged.
[    2.283323] AES CTR mode by8 optimization enabled
[    2.301273] Fusion MPT SPI Host driver 3.04.20
[    2.493697] input: ImExPS/2 Generic Explorer Mouse as /devices/platform/i8042/serio1/input/input4
[    2.685736] e1000 0000:00:03.0 eth0: (PCI:33MHz:32-bit) 02:c3:ac:bf:e0:17
[    2.687593] e1000 0000:00:03.0 eth0: Intel(R) PRO/1000 Network Connection
[    3.094134] e1000 0000:00:08.0 eth1: (PCI:33MHz:32-bit) 08:00:27:91:f2:8f
[    3.095675] e1000 0000:00:08.0 eth1: Intel(R) PRO/1000 Network Connection
[    3.098289] mptbase: ioc0: Initiating bringup
[    3.098628] e1000 0000:00:03.0 enp0s3: renamed from eth0
[    3.133765] e1000 0000:00:08.0 enp0s8: renamed from eth1
[    3.300863] ioc0: LSI53C1030 A0: Capabilities={Initiator}
[    6.126918] scsi host2: ioc0: LSI53C1030 A0, FwRev=00000000h, Ports=1, MaxQ=256, IRQ=20
[    8.176267] scsi 2:0:0:0: Direct-Access     VBOX     HARDDISK         1.0  PQ: 0 ANSI: 5
[    8.540677] scsi target2:0:0: Beginning Domain Validation
[    8.545250] scsi target2:0:0: Domain Validation skipping write tests
[    8.547107] scsi target2:0:0: Ending Domain Validation
[    8.548547] scsi target2:0:0: asynchronous
[    8.550583] scsi 2:0:1:0: Direct-Access     VBOX     HARDDISK         1.0  PQ: 0 ANSI: 5
[    9.135672] scsi target2:0:1: Beginning Domain Validation
[    9.139206] random: fast init done
[    9.141331] scsi target2:0:1: Domain Validation skipping write tests
[    9.143604] scsi target2:0:1: Ending Domain Validation
[    9.146054] scsi target2:0:1: asynchronous
[    9.152842] random: systemd-udevd: uninitialized urandom read (16 bytes read)
[    9.155128] random: systemd-udevd: uninitialized urandom read (16 bytes read)
[    9.157766] random: systemd-udevd: uninitialized urandom read (16 bytes read)
[    9.159722] sd 2:0:0:0: [sda] 83886080 512-byte logical blocks: (42.9 GB/40.0 GiB)
[    9.161515] sd 2:0:0:0: [sda] Write Protect is off
[    9.162597] sd 2:0:0:0: Attached scsi generic sg0 type 0
[    9.163825] sd 2:0:0:0: [sda] Incomplete mode parameter data
[    9.165114] sd 2:0:0:0: [sda] Assuming drive cache: write through
[    9.168988] sd 2:0:1:0: [sdb] 20480 512-byte logical blocks: (10.5 MB/10.0 MiB)
[    9.169189] sd 2:0:1:0: Attached scsi generic sg1 type 0
[    9.178673] sd 2:0:1:0: [sdb] Write Protect is off
[    9.179962]  sda: sda1
[    9.181616] sd 2:0:1:0: [sdb] Incomplete mode parameter data
[    9.182000] sd 2:0:0:0: [sda] Attached SCSI disk
[    9.183564] sd 2:0:1:0: [sdb] Assuming drive cache: write through
[    9.193557] sd 2:0:1:0: [sdb] Attached SCSI disk
Begin: Loading essential drivers ... [   10.952060] raid6: sse2x1   gen() 10061 MB/s
[   11.000089] raid6: sse2x1   xor()  6999 MB/s
[   11.048053] raid6: sse2x2   gen() 13427 MB/s
[   11.096054] raid6: sse2x2   xor()  8840 MB/s
[   11.144063] raid6: sse2x4   gen() 15554 MB/s
[   11.192107] raid6: sse2x4   xor()  8480 MB/s
[   11.240129] raid6: avx2x1   gen() 18105 MB/s
[   11.288133] raid6: avx2x1   xor() 13839 MB/s
[   11.336066] raid6: avx2x2   gen() 25236 MB/s
[   11.384031] raid6: avx2x2   xor() 14973 MB/s
[   11.432062] raid6: avx2x4   gen() 29145 MB/s
[   11.480028] raid6: avx2x4   xor() 17117 MB/s
[   11.481017] raid6: using algorithm avx2x4 gen() 29145 MB/s
[   11.482286] raid6: .... xor() 17117 MB/s, rmw enabled
[   11.483461] raid6: using avx2x2 recovery algorithm
[   11.485607] xor: automatically using best checksumming function   avx       
[   11.489398] async_tx: api initialized (async)
done.
Begin: Running /scripts/init-premount ... done.
Begin: Mounting root file system ... Begin: Running /scripts/local-top ... done.
Begin: Running /scripts/local-premount ... [   11.539608] Btrfs loaded, crc32c=crc32c-intel
Scanning for Btrfs filesystems
done.
Warning: fsck not present, so skipping root file system
[   11.579160] EXT4-fs (sda1): mounted filesystem with ordered data mode. Opts: (null)
done.
Begin: Running /scripts/local-bottom ... done.
Begin: Running /scripts/init-bottom ... done.
[   11.831891] ip_tables: (C) 2000-2006 Netfilter Core Team
[   11.844138] systemd[1]: systemd 237 running in system mode. (+PAM +AUDIT +SELINUX +IMA +APPARMOR +SMACK +SYSVINIT +UTMP +LIBCRYPTSETUP +GCRYPT +GNUTLS +ACL +XZ +LZ4 +SECCOMP +BLKID +ELFUTILS +KMOD -IDN2 +IDN -PCRE2 default-hierarchy=hybrid)
[   11.857491] systemd[1]: Detected virtualization oracle.
[   11.858735] systemd[1]: Detected architecture x86-64.

Welcome to [1mUbuntu 18.04.5 LTS[0m!

[   11.865492] systemd[1]: Set hostname to <ubuntu-bionic>.
[   12.239411] systemd[1]: Set up automount Arbitrary Executable File Formats File System Automount Point.
[[0;32m  OK  [0m] Set up automount Arbitrary Executab…rmats File System Automount Point.
[   12.244092] systemd[1]: Created slice User and Session Slice.
[[0;32m  OK  [0m] Created slice User and Session Slice.
[   12.246437] systemd[1]: Reached target System Time Synchronized.
[[0;32m  OK  [0m] Reached target System Time Synchronized.
[   12.248507] systemd[1]: Started Forward Password Requests to Wall Directory Watch.
[[0;32m  OK  [0m] Started Forward Password Requests to Wall Directory Watch.
[   12.251367] systemd[1]: Created slice System Slice.
[[0;32m  OK  [0m] Created slice System Slice.
[   12.264926] systemd[1]: Listening on /dev/initctl Compatibility Named Pipe.
[[0;32m  OK  [0m] Listening on /dev/initctl Compatibility Named Pipe.
[[0;32m  OK  [0m] Listening on Journal Socket.
[[0;32m  OK  [0m] Listening on Syslog Socket.
[[0;32m  OK  [0m] Listening on Device-mapper event daemon FIFOs.
[[0;32m  OK  [0m] Reached target Slices.
         Starting Create list of required st…ce nodes for the current kernel...
[[0;32m  OK  [0m] Listening on udev Kernel Socket.
[[0;32m  OK  [0m] Listening on LVM2 poll daemon socket.
         Starting Set the console keyboard layout...
         Starting Uncomplicated firewall...
[[0;32m  OK  [0m] Listening on LVM2 metadata daemon socket.
         Starting Monitoring of LVM2 mirrors…ng dmeventd or progress polling...
[[0;32m  OK  [0m] Created slice system-serial\x2dgetty.slice.
         Mounting POSIX Message Queue File System...
         Mounting Kernel Debug File System...
[[0;32m  OK  [0m] Listening on Network Service Netlink Socket.
[[0;32m  OK  [0m] Listening on fsck to fsckd communication Socket.
         Starting File System Check on Root Device...
[[0;32m  OK  [0m] Listening on Journal Socket (/dev/log).
[[0;32m  OK  [0m] Reached target User and Group Name Lookups.
         Mounting Huge Pages File System...
[[0;32m  OK  [0m] Listening on udev Control Socket.
         Starting udev Coldplug all Devices...
[[0;32m  OK  [0m] Listening on Journal Audit Socket.
         Starting Journal Service...
         Starting Load Kernel Modules...
[[0;32m  OK  [0m] Reached target Swap.
[[0;32m  OK  [0m] Started Create list of required sta…vice nodes for the current kernel.
[[0;32m  OK  [0m] Started Uncomplicated firewall.
[[0;32m  OK  [0m] Mounted POSIX Message Queue File System.
[[0;32m  OK  [0m] Mounted Kernel Debug File System.
[[0;32m  OK  [0m] Mounted Huge Pages File System.
[[0;32m  OK  [0m] Started LVM2 metadata daemon.
[[0;32m  OK  [0m] Started File System Check Daemon to report status.
         Starting Create Static Device Nodes in /dev...
[[0;32m  OK  [0m] Started Journal Service.
[   12.475095] Loading iSCSI transport class v2.0-870.
[   12.482605] iscsi: registered transport (tcp)
[[0;32m  OK  [0m] Started udev Coldplug all Devices.
[[0;32m  OK  [0m] Started Create Static Device Nodes in /dev.
[[0;32m  OK  [0m] Started File System Check on Root Device.
[[0;32m  OK  [0m] Started Monitoring of LVM2 mirrors,…sing dmeventd or progress polling.
[   12.611051] iscsi: registered transport (iser)
         Starting Remount Root and Kernel File Systems...
[[0;32m  OK  [0m] Started Load Kernel Modules.
         Starting Apply Kernel Variables...
         Mounting Kernel Configuration File System...
         Mounting FUSE Control File System...
[[0;32m  OK  [0m] Mounted Kernel Configuration File System.
[[0;32m  OK  [0m] Mounted FUSE Control File System.
[[0;32m  OK  [0m] Started Remount Root and Kernel File Systems.
         Starting Load/Save Random Seed...
         Starting udev Kernel Device Manager...
         Starting Flush Journal to Persistent Storage...
[[0;32m  OK  [0m] Started Apply Kernel Variables.
[[0;32m  OK  [0m] Started Load/Save Random Seed.
[[0;32m  OK  [0m] Started Set the console keyboard layout.
[[0;32m  OK  [0m] Reached target Local File Systems (Pre).
[[0;32m  OK  [0m] Reached target Local File Systems.
         Starting Tell Plymouth To Write Out Runtime Data...
         Starting ebtables ruleset management...
         Starting AppArmor initialization...
         Starting Set console font and keymap...
[[0;32m  OK  [0m] Started udev Kernel Device Manager.
[[0;32m  OK  [0m] Started Dispatch Password Requests to Console Directory Watch.
[[0;32m  OK  [0m] Reached target Local Encrypted Volumes.
[[0;32m  OK  [0m] Started Tell Plymouth To Write Out Runtime Data.
[[0;32m  OK  [0m] Started Set console font and keymap.
[[0;32m  OK  [0m] Started Flush Journal to Persistent Storage.
         Starting Create Volatile Files and Directories...
[[0;32m  OK  [0m] Started ebtables ruleset management.
[[0;32m  OK  [0m] Started Create Volatile Files and Directories.
         Starting Update UTMP about System Boot/Shutdown...
[[0;32m  OK  [0m] Started Update UTMP about System Boot/Shutdown.
[[0;32m  OK  [0m] Found device /dev/ttyS0.
[[0;32m  OK  [0m] Started AppArmor initialization.
         Starting Load AppArmor profiles managed internally by snapd...
         Starting Initial cloud-init job (pre-networking)...
[[0;32m  OK  [0m] Started Load AppArmor profiles managed internally by snapd.
[[0;32m  OK  [0m] Listening on Load/Save RF Kill Switch Status /dev/rfkill Watch.
[   15.205093] cloud-init[566]: Cloud-init v. 21.1-19-gbad84ad4-0ubuntu1~18.04.2 running 'init-local' at Thu, 03 Jun 2021 23:24:56 +0000. Up 14.95 seconds.
[[0;32m  OK  [0m] Started Initial cloud-init job (pre-networking).
[[0;32m  OK  [0m] Reached target Network (Pre).
         Starting Network Service...
[[0;32m  OK  [0m] Started Network Service.
         Starting Wait for Network to be Configured...
         Starting Network Name Resolution...
[[0;32m  OK  [0m] Started Network Name Resolution.
[[0;32m  OK  [0m] Reached target Host and Network Name Lookups.
[[0;32m  OK  [0m] Reached target Network.
[[0;32m  OK  [0m] Started Wait for Network to be Configured.
         Starting Initial cloud-init job (metadata service crawler)...
[   18.013925] cloud-init[693]: Cloud-init v. 21.1-19-gbad84ad4-0ubuntu1~18.04.2 running 'init' at Thu, 03 Jun 2021 23:24:58 +0000. Up 17.73 seconds.
[   18.021119] cloud-init[693]: ci-info: +++++++++++++++++++++++++++++++++++++++++++++Net device info+++++++++++++++++++++++++++++++++++++++++++++
[   18.040178] cloud-init[693]: ci-info: +--------+------+------------------------------------------+---------------+--------+-------------------+
[   18.044907] cloud-init[693]: ci-info: | Device |  Up  |                 Address                  |      Mask     | Scope  |     Hw-Address    |
[   18.048930] cloud-init[693]: ci-info: +--------+------+------------------------------------------+---------------+--------+-------------------+
[   18.053448] cloud-init[693]: ci-info: | enp0s3 | True |                10.0.2.15                 | 255.255.255.0 | global | 02:c3:ac:bf:e0:17 |
[   18.056391] cloud-init[693]: ci-info: | enp0s3 | True |        fe80::c3:acff:febf:e017/64        |       .       |  link  | 02:c3:ac:bf:e0:17 |
[   18.058621] cloud-init[693]: ci-info: | enp0s8 | True |               192.168.0.58               | 255.255.255.0 | global | 08:00:27:91:f2:8f |
[   18.060604] cloud-init[693]: ci-info: | enp0s8 | True |       2804:14c:6591:9090::1007/128       |       .       | global | 08:00:27:91:f2:8f |
[   18.072358] cloud-init[693]: ci-info: | enp0s8 | True | 2804:14c:6591:9090:a00:27ff:fe91:f28f/64 |       .       | global | 08:00:27:91:f2:8f |
[   18.084247] cloud-init[693]: ci-info: | enp0s8 | True |       fe80::a00:27ff:fe91:f28f/64        |       .       |  link  | 08:00:27:91:f2:8f |
[   18.087039] cloud-init[693]: ci-info: |   lo   | True |                127.0.0.1                 |   255.0.0.0   |  host  |         .         |
[   18.112911] cloud-init[693]: ci-info: |   lo   | True |                 ::1/128                  |       .       |  host  |         .         |
[   18.116432] cloud-init[693]: ci-info: +--------+------+------------------------------------------+---------------+--------+-------------------+
[   18.120338] cloud-init[693]: ci-info: ++++++++++++++++++++++++++++Route IPv4 info+++++++++++++++++++++++++++++
[   18.122472] cloud-init[693]: ci-info: +-------+-------------+----------+-----------------+-----------+-------+
[   18.124770] cloud-init[693]: ci-info: | Route | Destination | Gateway  |     Genmask     | Interface | Flags |
[   18.127512] cloud-init[693]: ci-info: +-------+-------------+----------+-----------------+-----------+-------+
[   18.140228] cloud-init[693]: ci-info: |   0   |   0.0.0.0   | 10.0.2.2 |     0.0.0.0     |   enp0s3  |   UG  |
[   18.152252] cloud-init[693]: ci-info: |   1   |   10.0.2.0  | 0.0.0.0  |  255.255.255.0  |   enp0s3  |   U   |
[   18.164243] cloud-init[693]: ci-info: |   2   |   10.0.2.2  | 0.0.0.0  | 255.255.255.255 |   enp0s3  |   UH  |
[   18.166682] cloud-init[693]: ci-info: |   3   | 192.168.0.0 | 0.0.0.0  |  255.255.255.0  |   enp0s8  |   U   |
[   18.168461] cloud-init[693]: ci-info: +-------+-------------+----------+-----------------+-----------+-------+
[   18.171401] cloud-init[693]: ci-info: ++++++++++++++++++++++++++++++++++Route IPv6 info++++++++++++++++++++++++++++++++++
[   18.174139] cloud-init[693]: ci-info: +-------+-------------------------+---------------------------+-----------+-------+
[   18.195426] cloud-init[693]: ci-info: | Route |       Destination       |          Gateway          | Interface | Flags |
[   18.197896] cloud-init[693]: ci-info: +-------+-------------------------+---------------------------+-----------+-------+
[   18.200273] cloud-init[693]: ci-info: |   1   | 2804:14c:6591:9090::/64 |             ::            |   enp0s8  |   U   |
[   18.216346] cloud-init[693]: ci-info: |   2   | 2804:14c:6591:9090::/64 | fe80::8e44:4fff:fe63:ea2d |   enp0s8  |   UG  |
[   18.232914] cloud-init[693]: ci-info: |   3   |        fe80::/64        |             ::            |   enp0s8  |   U   |
[   18.235220] cloud-init[693]: ci-info: |   4   |        fe80::/64        |             ::            |   enp0s3  |   U   |
[   18.248219] cloud-init[693]: ci-info: |   5   |           ::/0          | fe80::8e44:4fff:fe63:ea2d |   enp0s8  |   UG  |
[   18.249783] cloud-init[693]: ci-info: |   7   |          local          |             ::            |   enp0s3  |   U   |
[   18.251569] cloud-init[693]: ci-info: |   8   |          local          |             ::            |   enp0s8  |   U   |
[   18.253292] cloud-init[693]: ci-info: |   9   |         ff00::/8        |             ::            |   enp0s8  |   U   |
[   18.256122] cloud-init[693]: ci-info: |   10  |         ff00::/8        |             ::            |   enp0s3  |   U   |
[   18.274603] cloud-init[693]: ci-info: +-------+-------------------------+---------------------------+-----------+-------+
[[0;32m  OK  [0m] Started Initial cloud-init job (metadata service crawler).
[[0;32m  OK  [0m] Reached target Network is Online.
[[0;32m  OK  [0m] Reached target Remote File Systems (Pre).
         Starting Availability of block devices...
         Mounting /vagrant...
[[0;32m  OK  [0m] Reached target Cloud-config availability.
[[0;32m  OK  [0m] Reached target System Initialization.
[[0;32m  OK  [0m] Started Ubuntu Advantage update messaging.
[[0;32m  OK  [0m] Started Message of the Day.
[[0;32m  OK  [0m] Listening on Open-iSCSI iscsid Socket.
[[0;32m  OK  [0m] Started Daily Cleanup of Temporary Directories.
[[0;32m  OK  [0m] Listening on UUID daemon activation socket.
[[0;32m  OK  [0m] Listening on ACPID Listen Socket.
[[0;32m  OK  [0m] Listening on D-Bus System Message Bus Socket.
[[0;32m  OK  [0m] Started Daily apt download activities.
[[0;32m  OK  [0m] Started Daily apt upgrade and clean activities.
[[0;32m  OK  [0m] Started Discard unused blocks once a week.
[[0;32m  OK  [0m] Reached target Timers.
         Starting Socket activation for snappy daemon.
[[0;32m  OK  [0m] Started ACPI Events Check.
[[0;32m  OK  [0m] Reached target Paths.
         Starting LXD - unix socket.
[[0;32m  OK  [0m] Started Availability of block devices.
[[0;32m  OK  [0m] Mounted /vagrant.
[[0;32m  OK  [0m] Listening on Socket activation for snappy daemon.
[[0;32m  OK  [0m] Listening on LXD - unix socket.
[[0;32m  OK  [0m] Reached target Sockets.
[[0;32m  OK  [0m] Reached target Basic System.
[[0;32m  OK  [0m] Started Regular background program processing daemon.
         Starting Ubuntu Advantage APT and MOTD Messages...
         Starting Virtualbox guest utils...
         Starting System Logging Service...
[[0;32m  OK  [0m] Started irqbalance daemon.
[[0;32m  OK  [0m] Started Deferred execution scheduler.
         Starting OpenBSD Secure Shell server...
         Starting Accounts Service...
         Starting LXD - container startup/shutdown...
[[0;32m  OK  [0m] Started D-Bus System Message Bus.
[[0;32m  OK  [0m] Started FUSE filesystem for LXC.
         Starting Dispatcher daemon for systemd-networkd...
         Starting Message of the Day...
         Starting LSB: Record successful boot for GRUB...
         Starting Snap Daemon...
         Starting Login Service...
[[0;32m  OK  [0m] Reached target Remote File Systems.
         Starting Permit User Sessions...
         Starting LSB: automatic crash report generation...
[[0;32m  OK  [0m] Started System Logging Service.
[[0;32m  OK  [0m] Started OpenBSD Secure Shell server.
[[0;32m  OK  [0m] Started Permit User Sessions.
[[0;32m  OK  [0m] Started Login Service.
[[0;32m  OK  [0m] Started Unattended Upgrades Shutdown.
         Starting Terminate Plymouth Boot Screen...
         Starting Hold until boot process finishes up...
         Starting Authorization Manager...
[[0;32m  OK  [0m] Started Terminate Plymouth Boot Screen.
[[0;32m  OK  [0m] Started Hold until boot process finishes up.
[[0;32m  OK  [0m] Started Serial Getty on ttyS0.
         Starting Set console scheme...
[[0;32m  OK  [0m] Started LXD - container startup/shutdown.
[[0;32m  OK  [0m] Started Authorization Manager.
[[0;32m  OK  [0m] Started Accounts Service.
[[0;32m  OK  [0m] Started Set console scheme.
[[0;32m  OK  [0m] Created slice system-getty.slice.
[[0;32m  OK  [0m] Started Getty on tty1.
[[0;32m  OK  [0m] Reached target Login Prompts.
[[0;32m  OK  [0m] Started LSB: automatic crash report generation.
[[0;32m  OK  [0m] Started Virtualbox guest utils.
[[0;32m  OK  [0m] Started LSB: Record successful boot for GRUB.
[[0;32m  OK  [0m] Created slice User Slice of vagrant.
         Starting User Manager for UID 1000...
[[0;32m  OK  [0m] Started Session 1 of user vagrant.
[[0;32m  OK  [0m] Started Dispatcher daemon for systemd-networkd.
[[0;32m  OK  [0m] Started User Manager for UID 1000.
[[0;32m  OK  [0m] Started Ubuntu Advantage APT and MOTD Messages.
[[0;32m  OK  [0m] Started Snap Daemon.
         Starting Wait until snapd is fully seeded...
[[0;32m  OK  [0m] Started Wait until snapd is fully seeded.
         Starting Apply the settings specified in cloud-config...
[[0;32m  OK  [0m] Reached target Multi-User System.
[[0;32m  OK  [0m] Reached target Graphical Interface.
         Starting Update UTMP about System Runlevel Changes...
[[0;32m  OK  [0m] Started Update UTMP about System Runlevel Changes.
[[0;32m  OK  [0m] Started Message of the Day.
[   22.924380] cloud-init[1220]: Cloud-init v. 21.1-19-gbad84ad4-0ubuntu1~18.04.2 running 'modules:config' at Thu, 03 Jun 2021 23:25:04 +0000. Up 22.76 seconds.
[[0;32m  OK  [0m] Started Apply the settings specified in cloud-config.
         Starting Execute cloud user/final scripts...
[   23.739271] cloud-init[1367]: Cloud-init v. 21.1-19-gbad84ad4-0ubuntu1~18.04.2 running 'modules:final' at Thu, 03 Jun 2021 23:25:04 +0000. Up 23.55 seconds.
[   23.741774] cloud-init[1367]: Cloud-init v. 21.1-19-gbad84ad4-0ubuntu1~18.04.2 finished at Thu, 03 Jun 2021 23:25:04 +0000. Datasource DataSourceNoCloud [seed=/dev/sdb][dsmode=net].  Up 23.72 seconds
[[0;32m  OK  [0m] Started Execute cloud user/final scripts.
         Starting Daily apt download activities...
[[0;32m  OK  [0m] Reached target Cloud-init target.

Ubuntu 18.04.5 LTS ubuntu-bionic ttyS0

ubuntu-bionic login:                           